*** Starting uWSGI 2.0.17.1 (64bit) on [Tue Dec  4 11:11:11 2018] ***
compiled with version: 4.8.4 on 03 December 2018 08:55:10
os: Linux-4.4.0-31-generic #50~14.04.1-Ubuntu SMP Wed Jul 13 01:07:32 UTC 2016
nodename: x-virtual-machine
machine: x86_64
clock source: unix
detected number of CPU cores: 1
current working directory: /home/x/lsdance
writing pidfile to %(chdir)/uwsgi/uwsgi.pid
open("%(chdir)/uwsgi/uwsgi.pid"): No such file or directory [core/utils.c line 3613]
*** Starting uWSGI 2.0.17.1 (64bit) on [Tue Dec  4 11:11:57 2018] ***
compiled with version: 4.8.4 on 03 December 2018 08:55:10
os: Linux-4.4.0-31-generic #50~14.04.1-Ubuntu SMP Wed Jul 13 01:07:32 UTC 2016
nodename: x-virtual-machine
machine: x86_64
clock source: unix
detected number of CPU cores: 1
current working directory: /home/x/lsdance
writing pidfile to %(chdir)/uwsgi/uwsgi.pid
open("%(chdir)/uwsgi/uwsgi.pid"): No such file or directory [core/utils.c line 3613]
*** Starting uWSGI 2.0.17.1 (64bit) on [Tue Dec  4 11:14:34 2018] ***
compiled with version: 4.8.4 on 03 December 2018 08:55:10
os: Linux-4.4.0-31-generic #50~14.04.1-Ubuntu SMP Wed Jul 13 01:07:32 UTC 2016
nodename: x-virtual-machine
machine: x86_64
clock source: unix
detected number of CPU cores: 1
current working directory: /home/x/lsdance
writing pidfile to %(chdir)/uwsgi/uwsgi.pid
open("%(chdir)/uwsgi/uwsgi.pid"): No such file or directory [core/utils.c line 3613]
*** Starting uWSGI 2.0.17.1 (64bit) on [Tue Dec  4 11:15:59 2018] ***
compiled with version: 4.8.4 on 03 December 2018 08:55:10
os: Linux-4.4.0-31-generic #50~14.04.1-Ubuntu SMP Wed Jul 13 01:07:32 UTC 2016
nodename: x-virtual-machine
machine: x86_64
clock source: unix
detected number of CPU cores: 1
current working directory: /home/x/lsdance
writing pidfile to %(chdir)/uwsgi/uwsgi.pid
open("%(chdir)/uwsgi/uwsgi.pid"): No such file or directory [core/utils.c line 3613]
*** Starting uWSGI 2.0.17.1 (64bit) on [Tue Dec  4 11:16:24 2018] ***
compiled with version: 4.8.4 on 03 December 2018 08:55:10
os: Linux-4.4.0-31-generic #50~14.04.1-Ubuntu SMP Wed Jul 13 01:07:32 UTC 2016
nodename: x-virtual-machine
machine: x86_64
clock source: unix
detected number of CPU cores: 1
current working directory: /home/x/lsdance
writing pidfile to %(chdir)/uwsgi/uwsgi.pid
open("%(chdir)/uwsgi/uwsgi.pid"): No such file or directory [core/utils.c line 3613]
*** Starting uWSGI 2.0.17.1 (64bit) on [Tue Dec  4 11:17:55 2018] ***
compiled with version: 4.8.4 on 03 December 2018 08:55:10
os: Linux-4.4.0-31-generic #50~14.04.1-Ubuntu SMP Wed Jul 13 01:07:32 UTC 2016
nodename: x-virtual-machine
machine: x86_64
clock source: unix
detected number of CPU cores: 1
current working directory: /home/x/lsdance
writing pidfile to %(chdir)/uwsgi/uwsgi.pid
open("%(chdir)/uwsgi/uwsgi.pid"): No such file or directory [core/utils.c line 3613]
*** Starting uWSGI 2.0.17.1 (64bit) on [Tue Dec  4 11:18:59 2018] ***
compiled with version: 4.8.4 on 03 December 2018 08:55:10
os: Linux-4.4.0-31-generic #50~14.04.1-Ubuntu SMP Wed Jul 13 01:07:32 UTC 2016
nodename: x-virtual-machine
machine: x86_64
clock source: unix
detected number of CPU cores: 1
current working directory: /home/x/lsdance
writing pidfile to %(chdir)/uwsgi/uwsgi.pid
open("%(chdir)/uwsgi/uwsgi.pid"): No such file or directory [core/utils.c line 3613]
*** Starting uWSGI 2.0.17.1 (64bit) on [Tue Dec  4 11:20:48 2018] ***
compiled with version: 4.8.4 on 03 December 2018 08:55:10
os: Linux-4.4.0-31-generic #50~14.04.1-Ubuntu SMP Wed Jul 13 01:07:32 UTC 2016
nodename: x-virtual-machine
machine: x86_64
clock source: unix
detected number of CPU cores: 1
current working directory: /home/x/lsdance
writing pidfile to /home/x/lsdance/uwsgi/uwsgi.pid
detected binary path: /home/x/.virtualenvs/lsdance/bin/uwsgi
!!! no internal routing support, rebuild with pcre support !!!
your processes number limit is 7845
your memory page size is 4096 bytes
detected max file descriptor number: 4096
lock engine: pthread robust mutexes
thunder lock: disabled (you can enable it with --thunder-lock)
uwsgi socket 0 bound to TCP address 127.0.0.1:8000 fd 3
Python version: 2.7.6 (default, Nov 23 2017, 15:53:45)  [GCC 4.8.4]
Python main interpreter initialized at 0x140ac70
python threads support enabled
your server socket listen backlog is limited to 100 connections
your mercy for graceful operations on workers is 60 seconds
mapped 416720 bytes (406 KB) for 8 cores
*** Operational MODE: preforking+threaded ***
added /home/x/lsdance/ to pythonpath.
WSGI app 0 (mountpoint='') ready in 1 seconds on interpreter 0x140ac70 pid: 3914 (default app)
mountpoint  already configured. skip.
*** uWSGI is running in multiple interpreter mode ***
spawned uWSGI master process (pid: 3914)
spawned uWSGI worker 1 (pid: 3917, cores: 2)
spawned uWSGI worker 2 (pid: 3918, cores: 2)
spawned uWSGI worker 3 (pid: 3919, cores: 2)
spawned uWSGI worker 4 (pid: 3920, cores: 2)
*** Stats server enabled on /home/x/lsdance/uwsgi/uwsgi.status fd: 15 ***
invalid request block size: 21573 (max 4096)...skip
invalid request block size: 21573 (max 4096)...skip
invalid request block size: 21573 (max 4096)...skip
invalid request block size: 21573 (max 4096)...skip
invalid request block size: 21573 (max 4096)...skip
invalid request block size: 21573 (max 4096)...skip
invalid request block size: 21573 (max 4096)...skip
invalid request block size: 21573 (max 4096)...skip
invalid request block size: 21573 (max 4096)...skip
invalid request block size: 21573 (max 4096)...skip
invalid request block size: 21573 (max 4096)...skip
invalid request block size: 21573 (max 4096)...skip
[pid: 3917|app: 0|req: 1/1] 127.0.0.1 () {40 vars in 640 bytes} [Tue Dec  4 11:50:21 2018] GET / => generated 172 bytes in 24 msecs (HTTP/1.1 200) 2 headers in 80 bytes (1 switches on core 0)
[pid: 3917|app: 0|req: 2/2] 127.0.0.1 () {40 vars in 602 bytes} [Tue Dec  4 11:50:22 2018] GET /favicon.ico => generated 233 bytes in 33 msecs (HTTP/1.1 404) 2 headers in 72 bytes (1 switches on core 1)
[pid: 3917|app: 0|req: 3/3] 127.0.0.1 () {40 vars in 662 bytes} [Tue Dec  4 11:50:22 2018] GET /favicon.ico => generated 233 bytes in 0 msecs (HTTP/1.1 404) 2 headers in 72 bytes (1 switches on core 0)
[pid: 3919|app: 0|req: 1/4] 127.0.0.1 () {40 vars in 642 bytes} [Tue Dec  4 11:50:32 2018] GET / => generated 172 bytes in 9 msecs (HTTP/1.1 200) 2 headers in 80 bytes (1 switches on core 0)
[pid: 3919|app: 0|req: 2/5] 127.0.0.1 () {40 vars in 604 bytes} [Tue Dec  4 11:50:32 2018] GET /favicon.ico => generated 233 bytes in 10 msecs (HTTP/1.1 404) 2 headers in 72 bytes (1 switches on core 1)
[pid: 3917|app: 0|req: 4/6] 127.0.0.1 () {40 vars in 664 bytes} [Tue Dec  4 11:50:32 2018] GET /favicon.ico => generated 233 bytes in 0 msecs (HTTP/1.1 404) 2 headers in 72 bytes (1 switches on core 0)
*** Starting uWSGI 2.0.17.1 (64bit) on [Mon Dec 10 19:43:30 2018] ***
compiled with version: 4.8.4 on 03 December 2018 08:55:10
os: Linux-4.4.0-31-generic #50~14.04.1-Ubuntu SMP Wed Jul 13 01:07:32 UTC 2016
nodename: x-virtual-machine
machine: x86_64
clock source: unix
detected number of CPU cores: 1
current working directory: /home/x/lsdance
writing pidfile to /home/x/lsdance/uwsgi/uwsgi.pid
detected binary path: /home/x/.virtualenvs/lsdance/bin/uwsgi
!!! no internal routing support, rebuild with pcre support !!!
your processes number limit is 7845
your memory page size is 4096 bytes
detected max file descriptor number: 4096
lock engine: pthread robust mutexes
thunder lock: disabled (you can enable it with --thunder-lock)
uwsgi socket 0 bound to TCP address 127.0.0.1:8000 fd 3
Python version: 2.7.6 (default, Nov 23 2017, 15:53:45)  [GCC 4.8.4]
Python main interpreter initialized at 0x21e7c70
python threads support enabled
your server socket listen backlog is limited to 100 connections
your mercy for graceful operations on workers is 60 seconds
mapped 416720 bytes (406 KB) for 8 cores
*** Operational MODE: preforking+threaded ***
added /home/x/lsdance/ to pythonpath.
WSGI app 0 (mountpoint='') ready in 0 seconds on interpreter 0x21e7c70 pid: 5107 (default app)
mountpoint  already configured. skip.
*** uWSGI is running in multiple interpreter mode ***
spawned uWSGI master process (pid: 5107)
spawned uWSGI worker 1 (pid: 5110, cores: 2)
spawned uWSGI worker 2 (pid: 5111, cores: 2)
spawned uWSGI worker 3 (pid: 5112, cores: 2)
spawned uWSGI worker 4 (pid: 5113, cores: 2)
*** Stats server enabled on /home/x/lsdance/uwsgi/uwsgi.status fd: 15 ***
[pid: 5111|app: 0|req: 1/1] 192.168.1.102 () {42 vars in 833 bytes} [Mon Dec 10 19:43:36 2018] GET / => generated 4141 bytes in 16 msecs (HTTP/1.1 200) 3 headers in 263 bytes (1 switches on core 0)
[pid: 5111|app: 0|req: 2/2] 192.168.1.102 () {44 vars in 888 bytes} [Mon Dec 10 19:43:48 2018] GET /introduce => generated 4459 bytes in 2 msecs (HTTP/1.1 200) 3 headers in 263 bytes (1 switches on core 1)
[pid: 5113|app: 0|req: 1/3] 192.168.1.102 () {44 vars in 880 bytes} [Mon Dec 10 19:43:53 2018] GET /login => generated 3205 bytes in 17 msecs (HTTP/1.1 200) 3 headers in 263 bytes (1 switches on core 0)
[pid: 5111|app: 0|req: 3/4] 192.168.1.102 () {44 vars in 864 bytes} [Mon Dec 10 19:43:58 2018] GET / => generated 4141 bytes in 1 msecs (HTTP/1.1 200) 3 headers in 263 bytes (1 switches on core 1)
[pid: 5110|app: 0|req: 1/5] 192.168.1.102 () {44 vars in 864 bytes} [Mon Dec 10 19:46:44 2018] GET / => generated 4141 bytes in 21 msecs (HTTP/1.1 200) 3 headers in 263 bytes (1 switches on core 0)
[pid: 5110|app: 0|req: 2/6] 192.168.1.102 () {44 vars in 864 bytes} [Mon Dec 10 19:46:45 2018] GET / => generated 4141 bytes in 1 msecs (HTTP/1.1 200) 3 headers in 263 bytes (1 switches on core 1)
[pid: 5113|app: 0|req: 2/7] 192.168.1.102 () {44 vars in 864 bytes} [Mon Dec 10 19:46:46 2018] GET / => generated 4141 bytes in 10 msecs (HTTP/1.1 200) 3 headers in 263 bytes (1 switches on core 1)
[pid: 5110|app: 0|req: 3/8] 192.168.1.102 () {44 vars in 864 bytes} [Mon Dec 10 19:46:46 2018] GET / => generated 4141 bytes in 2 msecs (HTTP/1.1 200) 3 headers in 263 bytes (1 switches on core 1)
[pid: 5112|app: 0|req: 1/9] 192.168.1.102 () {44 vars in 864 bytes} [Mon Dec 10 19:46:46 2018] GET / => generated 4141 bytes in 23 msecs (HTTP/1.1 200) 3 headers in 263 bytes (1 switches on core 0)
[pid: 5110|app: 0|req: 4/10] 192.168.1.102 () {44 vars in 864 bytes} [Mon Dec 10 19:46:47 2018] GET / => generated 4141 bytes in 1 msecs (HTTP/1.1 200) 3 headers in 263 bytes (1 switches on core 0)
[pid: 5113|app: 0|req: 3/11] 192.168.1.102 () {44 vars in 864 bytes} [Mon Dec 10 19:46:47 2018] GET / => generated 4141 bytes in 2 msecs (HTTP/1.1 200) 3 headers in 263 bytes (1 switches on core 0)
[pid: 5111|app: 0|req: 4/12] 192.168.1.102 () {44 vars in 864 bytes} [Mon Dec 10 19:46:47 2018] GET / => generated 4141 bytes in 1 msecs (HTTP/1.1 200) 3 headers in 263 bytes (1 switches on core 0)
[pid: 5111|app: 0|req: 5/13] 192.168.1.102 () {44 vars in 864 bytes} [Mon Dec 10 19:46:48 2018] GET / => generated 4141 bytes in 2 msecs (HTTP/1.1 200) 3 headers in 263 bytes (1 switches on core 1)
[pid: 5113|app: 0|req: 4/14] 192.168.1.102 () {44 vars in 864 bytes} [Mon Dec 10 19:46:49 2018] GET / => generated 4141 bytes in 4 msecs (HTTP/1.1 200) 3 headers in 263 bytes (1 switches on core 1)
SIGINT/SIGQUIT received...killing workers...
worker 1 buried after 1 seconds
worker 2 buried after 1 seconds
worker 3 buried after 1 seconds
worker 4 buried after 1 seconds
goodbye to uWSGI.
